Flutter crash report.
Please report a bug at https://github.com/flutter/flutter/issues.

## command

flutter pub add graphql_flutter

## exception

FileSystemException: FileSystemException: Deletion failed, path = 'C:\my-folder\rinteger\next-level\b2b\b2b-graphql-package\integration_package\.ios' (OS Error: The directory is not empty.
, errno = 145)

```
#0      _Directory._deleteSync (dart:io/directory_impl.dart:201:7)
#1      FileSystemEntity.deleteSync (dart:io/file_system_entity.dart:408:7)
#2      ForwardingFileSystemEntity.deleteSync (package:file/src/forwarding/forwarding_file_system_entity.dart:70:16)
#3      ErrorHandlingDirectory.deleteSync.<anonymous closure> (package:flutter_tools/src/base/error_handling_io.dart:469:22)
#4      _runSync (package:flutter_tools/src/base/error_handling_io.dart:573:14)
#5      ErrorHandlingDirectory.deleteSync (package:flutter_tools/src/base/error_handling_io.dart:468:12)
#6      _deleteIfExistsSync (package:flutter_tools/src/project.dart:1060:15)
#7      IosProject._regenerateFromTemplateIfNeeded (package:flutter_tools/src/project.dart:688:5)
#8      IosProject.ensureReadyForPlatformSpecificTooling (package:flutter_tools/src/project.dart:639:11)
#9      FlutterProject.ensureReadyForPlatformSpecificTooling (package:flutter_tools/src/project.dart:305:17)
<asynchronous suspension>
#10     PackagesInteractiveGetCommand.runCommand (package:flutter_tools/src/commands/packages.dart:347:5)
<asynchronous suspension>
#11     FlutterCommand.run.<anonymous closure> (package:flutter_tools/src/runner/flutter_command.dart:1043:27)
<asynchronous suspension>
#12     AppContext.run.<anonymous closure> (package:flutter_tools/src/base/context.dart:150:19)
<asynchronous suspension>
#13     CommandRunner.runCommand (package:args/command_runner.dart:196:13)
<asynchronous suspension>
#14     FlutterCommandRunner.runCommand.<anonymous closure> (package:flutter_tools/src/runner/flutter_command_runner.dart:284:9)
<asynchronous suspension>
#15     AppContext.run.<anonymous closure> (package:flutter_tools/src/base/context.dart:150:19)
<asynchronous suspension>
#16     FlutterCommandRunner.runCommand (package:flutter_tools/src/runner/flutter_command_runner.dart:232:5)
<asynchronous suspension>
#17     run.<anonymous closure>.<anonymous closure> (package:flutter_tools/runner.dart:62:9)
<asynchronous suspension>
#18     AppContext.run.<anonymous closure> (package:flutter_tools/src/base/context.dart:150:19)
<asynchronous suspension>
#19     main (package:flutter_tools/executable.dart:91:3)
<asynchronous suspension>
```

## flutter doctor

```
[✓] Flutter (Channel stable, 2.2.2, on Microsoft Windows [Version 10.0.18363.1621], locale en-US)
    • Flutter version 2.2.2 at C:\my-folder\flutter
    • Framework revision d79295af24 (3 weeks ago), 2021-06-11 08:56:01 -0700
    • Engine revision 91c9fc8fe0
    • Dart version 2.13.3

[✓] Android toolchain - develop for Android devices (Android SDK version 30.0.2)
    • Android SDK at C:\Users\preveen_chandran\AppData\Local\Android\sdk
    • Platform android-30, build-tools 30.0.2
    • Java binary at: C:\Program Files\Android\Android Studio\jre\bin\java
    • Java version OpenJDK Runtime Environment (build 1.8.0_242-release-1644-b01)
    • All Android licenses accepted.

[✓] Chrome - develop for the web
    • Chrome at C:\Program Files (x86)\Google\Chrome\Application\chrome.exe

[✓] Android Studio (version 4.1.0)
    • Android Studio at C:\Program Files\Android\Android Studio
    • Flutter plugin can be installed from:
      🔨 https://plugins.jetbrains.com/plugin/9212-flutter
    • Dart plugin can be installed from:
      🔨 https://plugins.jetbrains.com/plugin/6351-dart
    • Java version OpenJDK Runtime Environment (build 1.8.0_242-release-1644-b01)

[✓] VS Code (version 1.57.1)
    • VS Code at C:\Users\preveen_chandran\AppData\Local\Programs\Microsoft VS Code
    • Flutter extension version 3.23.0

[✓] Connected device (2 available)
    • Chrome (web) • chrome • web-javascript • Google Chrome 91.0.4472.124
    • Edge (web)   • edge   • web-javascript • Microsoft Edge 91.0.864.59

• No issues found!
```
